<?xml version="1.0" encoding="UTF-8"?>
<!-- Generated by org.testng.reporters.JUnitReportReporter -->
<testsuite hostname="DESKTOP-HB6S9PF" failures="0" tests="2" name="Com.Test.Verify_LogInTest" time="30.510" errors="0" timestamp="2022-08-13T09:38:47 IST" skipped="0">
  <testcase classname="Com.Test.Verify_LogInTest" name="verify_loginwithValidCredentials" time="16.428"/>
  <system-out/>
  <testcase classname="Com.Test.Verify_LogInTest" name="verify_loginwithValidCredentials" time="14.082"/>
  <system-out/>
</testsuite> <!-- Com.Test.Verify_LogInTest -->
